30-Jan-2019 15:03:58 info: MongoDB is connected to database
30-Jan-2019 15:06:22 info: MongoDB is connected to database
30-Jan-2019 15:08:36 info: MongoDB is connected to database
30-Jan-2019 15:49:06 info: MongoDB is connected to database
30-Jan-2019 15:52:34 info: MongoDB is connected to database
30-Jan-2019 16:12:58 info: MongoDB is connected to database
30-Jan-2019 16:15:29 info: Server running on port 8080 in development mode.
30-Jan-2019 16:15:31 info: MongoDB is connected to database
30-Jan-2019 16:17:11 info: Server running on port 8080 in development mode.
30-Jan-2019 16:17:12 info: MongoDB is connected to database
30-Jan-2019 16:19:42 info: Server running on port 8080 in development mode.
30-Jan-2019 16:19:43 info: MongoDB is connected to database
30-Jan-2019 16:22:16 info: Server running on port 8080 in development mode.
30-Jan-2019 16:22:17 info: MongoDB is connected to database
30-Jan-2019 16:26:41 info: Server running on port 8080 in development mode.
30-Jan-2019 16:26:43 info: MongoDB is connected to database
15-Feb-2019 14:13:11 info: Server running on port 8080 in development mode.
15-Feb-2019 14:13:12 info: MongoDB is connected to database
20-Feb-2019 12:43:50 info: Server running on port 8080 in development mode.
20-Feb-2019 12:43:51 info: MongoDB is connected to database
20-Feb-2019 17:35:37 info: Server running on port 8080 in development mode.
20-Feb-2019 17:35:38 info: MongoDB is connected to database
20-Feb-2019 17:37:02 info: Server running on port 8080 in development mode.
20-Feb-2019 17:37:03 info: MongoDB is connected to database
25-Mar-2019 13:00:38 info: Server running on port 8080 in development mode.
25-Mar-2019 13:00:39 info: MongoDB is connected to database
25-Mar-2019 13:01:32 info: Server running on port 8080 in development mode.
25-Mar-2019 13:01:33 info: MongoDB is connected to database
25-Mar-2019 13:03:56 info: Server running on port 8080 in development mode.
25-Mar-2019 13:03:57 info: MongoDB is connected to database
25-Mar-2019 13:08:53 info: Server running on port 8080 in development mode.
25-Mar-2019 13:08:55 info: MongoDB is connected to database
